(polimi) kanthavel@kanthavel-Latitude-5501:/media/data/kanthavel/Code/QALIBOO$ date; python examples/main.py Hartmann3 KG 4 1000; date
mer 2 ago 2023, 08:04:40, CEST
KG, 1000th job, 0th iteration, func=Hartmann3, q=4
KG takes 19.45865750312805 seconds
Suggests points:
[[0.57824786 0.16458309 0.97197168]
 [0.59496798 0.35681812 0.75416541]
 [0.14336307 0.08814523 0.45330302]
 [0.68549038 0.29789357 0.80217366]]
Retraining the model takes 2.587303876876831 seconds

Optimization finished successfully!
The recommended point: [0.74952147 0.43071345 0.79180196]
The recommended integer point: [1 0 1]
Finding the recommended point takes 0.713984489440918 seconds
 KG, VOI 0.2245167980538816, best so far -2.984658457799476
KG, 1000th job, 1th iteration, func=Hartmann3, q=4
KG takes 27.62264657020569 seconds
Suggests points:
[[0.90834202 0.40633032 0.77375347]
 [0.26178238 0.19330096 0.95160871]
 [0.09538141 0.94598076 0.85401905]
 [0.42597447 0.58264267 0.18918853]]
Retraining the model takes 2.5080034732818604 seconds

Optimization finished successfully!
The recommended point: [0.93797579 0.47260728 0.7960792 ]
The recommended integer point: [1 0 1]
Finding the recommended point takes 0.6893491744995117 seconds
 KG, VOI 0.2698254277117753, best so far -3.125423960173965
KG, 1000th job, 2th iteration, func=Hartmann3, q=4
KG takes 33.39303231239319 seconds
Suggests points:
[[0.73739462 0.621985   0.75009862]
 [0.98553336 0.98044076 0.30407864]
 [0.21348039 0.90992468 0.74351951]
 [0.39794702 0.90193077 0.04464298]]
Retraining the model takes 2.4319498538970947 seconds

Optimization finished successfully!
The recommended point: [0.97901785 0.50570434 0.80741648]
The recommended integer point: [1 1 1]
Finding the recommended point takes 0.6894900798797607 seconds
 KG, VOI 0.0728697284392817, best so far -3.285983491554
KG, 1000th job, 3th iteration, func=Hartmann3, q=4
KG takes 39.96236252784729 seconds
Suggests points:
[[0.53878601 0.36047506 0.79574696]
 [0.06716483 0.93926805 0.93208425]
 [0.33358224 0.99697849 0.85960925]
 [0.25520597 0.24765041 0.74498783]]
Retraining the model takes 2.6764848232269287 seconds

Optimization finished successfully!
The recommended point: [7.76464473e-11 4.92990749e-01 8.27820986e-01]
The recommended integer point: [0 0 1]
Finding the recommended point takes 0.7672016620635986 seconds
 KG, VOI 0.016914049888650827, best so far -3.673752111595947
KG, 1000th job, 4th iteration, func=Hartmann3, q=4
KG takes 49.345252990722656 seconds
Suggests points:
[[0.45631375 0.54855076 0.88666588]
 [0.15478959 0.07873411 0.38527098]
 [0.47784801 0.52690856 0.51306426]
 [0.06190879 0.22262831 0.20770586]]
Retraining the model takes 2.8327221870422363 seconds

Optimization finished successfully!
The recommended point: [1.55021423e-10 5.30902985e-01 9.03576143e-01]
The recommended integer point: [0 1 1]
Finding the recommended point takes 0.8244972229003906 seconds
 KG, VOI 0.04080354415033398, best so far -3.5731506572764884
mer 2 ago 2023, 08:07:53, CEST
