(polimi) kanthavel@kanthavel-Latitude-5501:~/Code/QALIBOO$ date; python examples/main.py ParabolicMinAtTwoAndThree KG 4 1000; date
mer 2 ago 2023, 07:54:59, CEST
KG, 1000th job, 0th iteration, func=ParabolicMinAtTwoAndThree, q=4
KG takes 14.54781985282898 seconds
Suggests points:
[[-1.34261609  5.64155526]
 [-0.19880527  9.76463115]
 [ 5.92492238  0.1191226 ]
 [ 9.19310151 -0.58396888]]
Retraining the model takes 2.16776704788208 seconds

Optimization finished successfully!
The recommended point: [-1.34493752  5.64645214]
The recommended integer point: [-1  6]
Finding the recommended point takes 0.5519633293151855 seconds
 KG, VOI 5.003591288936143, best so far 8.995045278515494
KG, 1000th job, 1th iteration, func=ParabolicMinAtTwoAndThree, q=4
KG takes 20.930853366851807 seconds
Suggests points:
[[ 3.50164974  2.65399288]
 [-5.45547285  3.01373842]
 [-9.45772259 -9.48220249]
 [-8.55973254 -6.78973097]]
Retraining the model takes 2.355863332748413 seconds

Optimization finished successfully!
The recommended point: [1.9726167  1.72239623]
The recommended integer point: [2 2]
Finding the recommended point takes 0.6378209590911865 seconds
 KG, VOI 3.501975803572771, best so far 2.3268292037235714
KG, 1000th job, 2th iteration, func=ParabolicMinAtTwoAndThree, q=4
KG takes 20.24893069267273 seconds
Suggests points:
[[ 4.62297492  7.37910206]
 [-7.98292095  2.80909338]
 [-5.76925802  2.53761068]
 [-7.22952365  3.37005133]]
Retraining the model takes 2.410517692565918 seconds

Optimization finished successfully!
The recommended point: [1.59605869 1.2509485 ]
The recommended integer point: [2 1]
Finding the recommended point takes 0.6535820960998535 seconds
 KG, VOI 3.1779466572308346, best so far 2.693420519863723
KG, 1000th job, 3th iteration, func=ParabolicMinAtTwoAndThree, q=4
KG takes 25.19467806816101 seconds
Suggests points:
[[ 2.46424984 -1.87500451]
 [-2.08091264  2.61875401]
 [ 9.11960949  3.93170076]
 [-4.05412451 -9.2924484 ]]
Retraining the model takes 2.31722354888916 seconds

Optimization finished successfully!
The recommended point: [2.01050585 2.89076654]
The recommended integer point: [2 3]
Finding the recommended point takes 0.6343803405761719 seconds
 KG, VOI 1.40051064079227, best so far 2.0024415763731183
KG, 1000th job, 4th iteration, func=ParabolicMinAtTwoAndThree, q=4
KG takes 28.126765251159668 seconds
Suggests points:
[[ 2.74498604  4.80920247]
 [-9.11427153 -6.55455672]
 [ 4.41566513 -0.15578343]
 [ 2.21393823 -2.74831868]]
Retraining the model takes 2.5327439308166504 seconds

Optimization finished successfully!
The recommended point: [1.97753004 3.05220906]
The recommended integer point: [2 3]
Finding the recommended point takes 0.6981711387634277 seconds
 KG, VOI 0.18002104855185588, best so far 2.000797606656701
mer 2 ago 2023, 07:57:11, CEST
